
74507 : 0x2ea6085d0a9e81 : 4 : __ittapi_collector_init :  pthread_atfork() result: 0
74507 : 0x2ea6085d0d0c59 : 2 : ittapi_config_mask_get :  --itt-config mask to be applied: 17
74507 : 0x2ea6085d0d325d : 2 : ittapi_config_apply_per_lib :  ITTAPI function instrumented: __itt_domain_create
74507 : 0x2ea6085d0d3a6a : 2 : ittapi_config_apply_per_lib :  ITTAPI function instrumented: __itt_string_handle_create
74507 : 0x2ea6085d0d4002 : 2 : ittapi_config_apply_per_lib :  ITTAPI function instrumented: __itt_pause
74507 : 0x2ea6085d0d4478 : 2 : ittapi_config_apply_per_lib :  ITTAPI function instrumented: __itt_resume
74507 : 0x2ea6085d0d4977 : 2 : ittapi_config_apply_per_lib :  ITTAPI function instrumented: __itt_thread_set_name
74507 : 0x2ea6085d0d4da1 : 2 : ittapi_config_apply_per_lib :  ITTAPI function instrumented: __itt_thread_ignore
74507 : 0x2ea6085d0d524a : 2 : ittapi_config_apply_per_lib :  ITTAPI function instrumented: __itt_thr_name_set
74507 : 0x2ea6085d0d56ff : 2 : ittapi_config_apply_per_lib :  ITTAPI function instrumented: __itt_thr_ignore
74507 : 0x2ea6085d5f28b5 : 2 : ittapi_config_apply_per_lib :  ITTAPI function not implemented: __itt_enable_attach
74507 : 0x2ea6085d5f3734 : 2 : ittapi_config_apply_per_lib :  ITTAPI function NOT instrumented (not matched by --itt-config option): __itt_sync_create

74507 : 0x2ea6085d5f3c35 : 2 : ittapi_config_apply_per_lib :  ITTAPI function NOT instrumented (not matched by --itt-config option): __itt_sync_rename

74507 : 0x2ea6085d5f3fa7 : 2 : ittapi_config_apply_per_lib :  ITTAPI function NOT instrumented (not matched by --itt-config option): __itt_sync_destroy

74507 : 0x2ea6085d5f42f0 : 2 : ittapi_config_apply_per_lib :  ITTAPI function NOT instrumented (not matched by --itt-config option): __itt_sync_prepare

74507 : 0x2ea6085d5f4620 : 2 : ittapi_config_apply_per_lib :  ITTAPI function NOT instrumented (not matched by --itt-config option): __itt_sync_cancel

74507 : 0x2ea6085d5f4945 : 2 : ittapi_config_apply_per_lib :  ITTAPI function NOT instrumented (not matched by --itt-config option): __itt_sync_acquired

74507 : 0x2ea6085d5f4c55 : 2 : ittapi_config_apply_per_lib :  ITTAPI function NOT instrumented (not matched by --itt-config option): __itt_sync_releasing

74507 : 0x2ea6085d5f5bd8 : 2 : ittapi_config_apply_per_lib :  ITTAPI function not implemented: __itt_suppress_push
74507 : 0x2ea6085d5f6416 : 2 : ittapi_config_apply_per_lib :  ITTAPI function not implemented: __itt_suppress_pop
74507 : 0x2ea6085d799b34 : 2 : ittapi_config_apply_per_lib :  ITTAPI function not implemented: __itt_suppress_mark_range
74507 : 0x2ea6085d79a84b : 2 : ittapi_config_apply_per_lib :  ITTAPI function not implemented: __itt_suppress_clear_range
74507 : 0x2ea6085d79ac84 : 2 : ittapi_config_apply_per_lib :  ITTAPI function NOT instrumented (not matched by --itt-config option): __itt_sync_prepare

74507 : 0x2ea6085d79af94 : 2 : ittapi_config_apply_per_lib :  ITTAPI function NOT instrumented (not matched by --itt-config option): __itt_sync_cancel

74507 : 0x2ea6085d79b27d : 2 : ittapi_config_apply_per_lib :  ITTAPI function NOT instrumented (not matched by --itt-config option): __itt_sync_acquired

74507 : 0x2ea6085d79b54c : 2 : ittapi_config_apply_per_lib :  ITTAPI function NOT instrumented (not matched by --itt-config option): __itt_sync_releasing

74507 : 0x2ea6085d79bb0b : 2 : ittapi_config_apply_per_lib :  ITTAPI function not implemented: __itt_model_site_begin
74507 : 0x2ea6085d79c0ee : 2 : ittapi_config_apply_per_lib :  ITTAPI function not implemented: __itt_model_site_end
74507 : 0x2ea6085d79c731 : 2 : ittapi_config_apply_per_lib :  ITTAPI function not implemented: __itt_model_task_begin
74507 : 0x2ea6085d79ccbf : 2 : ittapi_config_apply_per_lib :  ITTAPI function not implemented: __itt_model_task_end
74507 : 0x2ea6085d8e081e : 2 : ittapi_config_apply_per_lib :  ITTAPI function not implemented: __itt_model_lock_acquire
74507 : 0x2ea6085d8e156b : 2 : ittapi_config_apply_per_lib :  ITTAPI function not implemented: __itt_model_lock_release
74507 : 0x2ea6085d8e1baa : 2 : ittapi_config_apply_per_lib :  ITTAPI function not implemented: __itt_model_record_allocation
74507 : 0x2ea6085d8e226c : 2 : ittapi_config_apply_per_lib :  ITTAPI function not implemented: __itt_model_record_deallocation
74507 : 0x2ea6085d8e283f : 2 : ittapi_config_apply_per_lib :  ITTAPI function not implemented: __itt_model_induction_uses
74507 : 0x2ea6085d8e2e0b : 2 : ittapi_config_apply_per_lib :  ITTAPI function not implemented: __itt_model_reduction_uses
74507 : 0x2ea6085d8e341a : 2 : ittapi_config_apply_per_lib :  ITTAPI function not implemented: __itt_model_observe_uses
74507 : 0x2ea6085d8e39b3 : 2 : ittapi_config_apply_per_lib :  ITTAPI function not implemented: __itt_model_clear_uses
74507 : 0x2ea6085d8e3faa : 2 : ittapi_config_apply_per_lib :  ITTAPI function not implemented: __itt_model_site_beginA
74507 : 0x2ea6085d8e45d6 : 2 : ittapi_config_apply_per_lib :  ITTAPI function not implemented: __itt_model_site_beginAL
74507 : 0x2ea6085da5356c : 2 : ittapi_config_apply_per_lib :  ITTAPI function not implemented: __itt_model_task_beginA
74507 : 0x2ea6085da54253 : 2 : ittapi_config_apply_per_lib :  ITTAPI function not implemented: __itt_model_task_beginAL
74507 : 0x2ea6085da54917 : 2 : ittapi_config_apply_per_lib :  ITTAPI function not implemented: __itt_model_iteration_taskA
74507 : 0x2ea6085da54f30 : 2 : ittapi_config_apply_per_lib :  ITTAPI function not implemented: __itt_model_iteration_taskAL
74507 : 0x2ea6085da5551b : 2 : ittapi_config_apply_per_lib :  ITTAPI function not implemented: __itt_model_site_end_2
74507 : 0x2ea6085da55a13 : 2 : ittapi_config_apply_per_lib :  ITTAPI function not implemented: __itt_model_task_end_2
74507 : 0x2ea6085da56004 : 2 : ittapi_config_apply_per_lib :  ITTAPI function not implemented: __itt_model_lock_acquire_2
74507 : 0x2ea6085da5655b : 2 : ittapi_config_apply_per_lib :  ITTAPI function not implemented: __itt_model_lock_release_2
74507 : 0x2ea6085da56b46 : 2 : ittapi_config_apply_per_lib :  ITTAPI function not implemented: __itt_model_aggregate_task
74507 : 0x2ea6085da59ab9 : 2 : ittapi_config_apply_per_lib :  ITTAPI function not implemented: __itt_model_disable_push
74507 : 0x2ea6085dbbf1c0 : 2 : ittapi_config_apply_per_lib :  ITTAPI function not implemented: __itt_model_disable_pop
74507 : 0x2ea6085dbbfe87 : 2 : ittapi_config_apply_per_lib :  ITTAPI function not implemented: __itt_heap_function_create
74507 : 0x2ea6085dbc05d1 : 2 : ittapi_config_apply_per_lib :  ITTAPI function not implemented: __itt_heap_allocate_begin
74507 : 0x2ea6085dbc0bad : 2 : ittapi_config_apply_per_lib :  ITTAPI function not implemented: __itt_heap_allocate_end
74507 : 0x2ea6085dbc1303 : 2 : ittapi_config_apply_per_lib :  ITTAPI function not implemented: __itt_heap_free_begin
74507 : 0x2ea6085dbc18d6 : 2 : ittapi_config_apply_per_lib :  ITTAPI function not implemented: __itt_heap_free_end
74507 : 0x2ea6085dbc1f7f : 2 : ittapi_config_apply_per_lib :  ITTAPI function not implemented: __itt_heap_reallocate_begin
74507 : 0x2ea6085dbc2532 : 2 : ittapi_config_apply_per_lib :  ITTAPI function not implemented: __itt_heap_reallocate_end
74507 : 0x2ea6085dbc2bb5 : 2 : ittapi_config_apply_per_lib :  ITTAPI function not implemented: __itt_heap_internal_access_begin
74507 : 0x2ea6085dbc31f4 : 2 : ittapi_config_apply_per_lib :  ITTAPI function not implemented: __itt_heap_internal_access_end
74507 : 0x2ea6085dd4b5e2 : 2 : ittapi_config_apply_per_lib :  ITTAPI function not implemented: __itt_heap_record_memory_growth_begin
74507 : 0x2ea6085dd4c283 : 2 : ittapi_config_apply_per_lib :  ITTAPI function not implemented: __itt_heap_record_memory_growth_end
74507 : 0x2ea6085dd4c871 : 2 : ittapi_config_apply_per_lib :  ITTAPI function not implemented: __itt_heap_reset_detection
74507 : 0x2ea6085dd4ce8f : 2 : ittapi_config_apply_per_lib :  ITTAPI function not implemented: __itt_heap_record
74507 : 0x2ea6085dd4d495 : 2 : ittapi_config_apply_per_lib :  ITTAPI function not implemented: __itt_id_create
74507 : 0x2ea6085dd4daba : 2 : ittapi_config_apply_per_lib :  ITTAPI function not implemented: __itt_id_destroy
74507 : 0x2ea6085dd4dfee : 2 : ittapi_config_apply_per_lib :  ITTAPI function instrumented: __itt_get_timestamp
74507 : 0x2ea6085dd4e639 : 2 : ittapi_config_apply_per_lib :  ITTAPI function not implemented: __itt_region_begin
74507 : 0x2ea6085dd4eb63 : 2 : ittapi_config_apply_per_lib :  ITTAPI function not implemented: __itt_region_end
74507 : 0x2ea6085dd4f060 : 2 : ittapi_config_apply_per_lib :  ITTAPI function instrumented: __itt_frame_begin_v3
74507 : 0x2ea6085debde7c : 2 : ittapi_config_apply_per_lib :  ITTAPI function instrumented: __itt_frame_end_v3
74507 : 0x2ea6085debe9b6 : 2 : ittapi_config_apply_per_lib :  ITTAPI function instrumented: __itt_frame_submit_v3
74507 : 0x2ea6085debecff : 2 : ittapi_config_apply_per_lib :  ITTAPI function NOT instrumented (not matched by --itt-config option): __itt_task_group

74507 : 0x2ea6085debf071 : 2 : ittapi_config_apply_per_lib :  ITTAPI function NOT instrumented (not matched by --itt-config option): __itt_task_begin

74507 : 0x2ea6085debf348 : 2 : ittapi_config_apply_per_lib :  ITTAPI function NOT instrumented (not matched by --itt-config option): __itt_task_begin_fn

74507 : 0x2ea6085debf670 : 2 : ittapi_config_apply_per_lib :  ITTAPI function NOT instrumented (not matched by --itt-config option): __itt_task_end

74507 : 0x2ea6085debfdd8 : 2 : ittapi_config_apply_per_lib :  ITTAPI function not implemented: __itt_counter_inc_v3
74507 : 0x2ea6085dec0526 : 2 : ittapi_config_apply_per_lib :  ITTAPI function not implemented: __itt_counter_inc_delta_v3
74507 : 0x2ea6085dec0afa : 2 : ittapi_config_apply_per_lib :  ITTAPI function not implemented: __itt_marker
74507 : 0x2ea6085dec0f9d : 2 : ittapi_config_apply_per_lib :  ITTAPI function instrumented: __itt_metadata_add
74507 : 0x2ea6085e01c3b3 : 2 : ittapi_config_apply_per_lib :  ITTAPI function not implemented: __itt_metadata_str_add
74507 : 0x2ea6085e01d0d5 : 2 : ittapi_config_apply_per_lib :  ITTAPI function not implemented: __itt_relation_add_to_current
74507 : 0x2ea6085e01d6c5 : 2 : ittapi_config_apply_per_lib :  ITTAPI function not implemented: __itt_relation_add
74507 : 0x2ea6085e01dbe9 : 2 : ittapi_config_apply_per_lib :  ITTAPI function instrumented: __itt_event_create
74507 : 0x2ea6085e01dee1 : 2 : ittapi_config_apply_per_lib :  ITTAPI function NOT instrumented (not matched by --itt-config option): __itt_event_start

74507 : 0x2ea6085e01e209 : 2 : ittapi_config_apply_per_lib :  ITTAPI function NOT instrumented (not matched by --itt-config option): __itt_event_end

74507 : 0x2ea6085e01e521 : 2 : ittapi_config_apply_per_lib :  ITTAPI function NOT instrumented (not matched by --itt-config option): __itt_sync_set_name

74507 : 0x2ea6085e01e924 : 2 : ittapi_config_apply_per_lib :  ITTAPI function instrumented: __itt_notify_sync_name
74507 : 0x2ea6085e01ed38 : 2 : ittapi_config_apply_per_lib :  ITTAPI function instrumented: __itt_notify_sync_prepare
74507 : 0x2ea6085e01f125 : 2 : ittapi_config_apply_per_lib :  ITTAPI function instrumented: __itt_notify_sync_cancel
74507 : 0x2ea6085e16449d : 2 : ittapi_config_apply_per_lib :  ITTAPI function instrumented: __itt_notify_sync_acquired
74507 : 0x2ea6085e164fac : 2 : ittapi_config_apply_per_lib :  ITTAPI function instrumented: __itt_notify_sync_releasing
74507 : 0x2ea6085e1657f6 : 2 : ittapi_config_apply_per_lib :  ITTAPI function not implemented: __itt_memory_read
74507 : 0x2ea6085e165f00 : 2 : ittapi_config_apply_per_lib :  ITTAPI function not implemented: __itt_memory_write
74507 : 0x2ea6085e166478 : 2 : ittapi_config_apply_per_lib :  ITTAPI function not implemented: __itt_memory_update
74507 : 0x2ea6085e166a6e : 2 : ittapi_config_apply_per_lib :  ITTAPI function not implemented: __itt_state_get
74507 : 0x2ea6085e166fca : 2 : ittapi_config_apply_per_lib :  ITTAPI function not implemented: __itt_state_set
74507 : 0x2ea6085e167583 : 2 : ittapi_config_apply_per_lib :  ITTAPI function not implemented: __itt_obj_mode_set
74507 : 0x2ea6085e167ace : 2 : ittapi_config_apply_per_lib :  ITTAPI function not implemented: __itt_thr_mode_set
74507 : 0x2ea6085e167f5d : 2 : ittapi_config_apply_per_lib :  ITTAPI function instrumented: __itt_frame_create
74507 : 0x2ea6085e300ed4 : 2 : ittapi_config_apply_per_lib :  ITTAPI function instrumented: __itt_frame_begin
74507 : 0x2ea6085e3019de : 2 : ittapi_config_apply_per_lib :  ITTAPI function instrumented: __itt_frame_end
74507 : 0x2ea6085e3021fe : 2 : ittapi_config_apply_per_lib :  ITTAPI function not implemented: __itt_counter_create
74507 : 0x2ea6085e3028c2 : 2 : ittapi_config_apply_per_lib :  ITTAPI function not implemented: __itt_counter_destroy
74507 : 0x2ea6085e302e14 : 2 : ittapi_config_apply_per_lib :  ITTAPI function not implemented: __itt_counter_inc
74507 : 0x2ea6085e30347e : 2 : ittapi_config_apply_per_lib :  ITTAPI function not implemented: __itt_counter_inc_delta
74507 : 0x2ea6085e303a42 : 2 : ittapi_config_apply_per_lib :  ITTAPI function not implemented: __itt_mark_create
74507 : 0x2ea6085e303f8f : 2 : ittapi_config_apply_per_lib :  ITTAPI function not implemented: __itt_mark
74507 : 0x2ea6085e304600 : 2 : ittapi_config_apply_per_lib :  ITTAPI function not implemented: __itt_mark_off
74507 : 0x2ea6085e304b9d : 2 : ittapi_config_apply_per_lib :  ITTAPI function not implemented: __itt_mark_global
74507 : 0x2ea6085e433ded : 2 : ittapi_config_apply_per_lib :  ITTAPI function not implemented: __itt_mark_global_off
74507 : 0x2ea6085e434992 : 2 : ittapi_config_apply_per_lib :  ITTAPI function instrumented: __itt_stack_caller_create
74507 : 0x2ea6085e434e52 : 2 : ittapi_config_apply_per_lib :  ITTAPI function instrumented: __itt_stack_caller_destroy
74507 : 0x2ea6085e4352e0 : 2 : ittapi_config_apply_per_lib :  ITTAPI function instrumented: __itt_stack_callee_enter
74507 : 0x2ea6085e4356f0 : 2 : ittapi_config_apply_per_lib :  ITTAPI function instrumented: __itt_stack_callee_leave
74507 : 0x2ea6085e435ca5 : 2 : ittapi_config_apply_per_lib :  ITTAPI function not implemented: __itt_clock_domain_create
74507 : 0x2ea6085e436272 : 2 : ittapi_config_apply_per_lib :  ITTAPI function not implemented: __itt_clock_domain_reset
74507 : 0x2ea6085e436823 : 2 : ittapi_config_apply_per_lib :  ITTAPI function not implemented: __itt_id_create_ex
74507 : 0x2ea6085e436d5c : 2 : ittapi_config_apply_per_lib :  ITTAPI function not implemented: __itt_id_destroy_ex
74507 : 0x2ea6085e43708b : 2 : ittapi_config_apply_per_lib :  ITTAPI function NOT instrumented (not matched by --itt-config option): __itt_task_begin_ex

74507 : 0x2ea6085e5d160b : 2 : ittapi_config_apply_per_lib :  ITTAPI function NOT instrumented (not matched by --itt-config option): __itt_task_begin_fn_ex

74507 : 0x2ea6085e5d203b : 2 : ittapi_config_apply_per_lib :  ITTAPI function NOT instrumented (not matched by --itt-config option): __itt_task_end_ex

74507 : 0x2ea6085e5d235c : 2 : ittapi_config_apply_per_lib :  ITTAPI function NOT instrumented (not matched by --itt-config option): __itt_task_begin_overlapped

74507 : 0x2ea6085e5d2696 : 2 : ittapi_config_apply_per_lib :  ITTAPI function NOT instrumented (not matched by --itt-config option): __itt_task_begin_overlapped_ex

74507 : 0x2ea6085e5d2976 : 2 : ittapi_config_apply_per_lib :  ITTAPI function NOT instrumented (not matched by --itt-config option): __itt_task_end_overlapped

74507 : 0x2ea6085e5d2c79 : 2 : ittapi_config_apply_per_lib :  ITTAPI function NOT instrumented (not matched by --itt-config option): __itt_task_end_overlapped_ex

74507 : 0x2ea6085e5d38ef : 2 : ittapi_config_apply_per_lib :  ITTAPI function not implemented: __itt_marker_ex
74507 : 0x2ea6085e5d400b : 2 : ittapi_config_apply_per_lib :  ITTAPI function not implemented: __itt_metadata_add_with_scope
74507 : 0x2ea6085e5d4680 : 2 : ittapi_config_apply_per_lib :  ITTAPI function not implemented: __itt_metadata_str_add_with_scope
74507 : 0x2ea6085e5d4d06 : 2 : ittapi_config_apply_per_lib :  ITTAPI function not implemented: __itt_relation_add_to_current_ex
74507 : 0x2ea6085e73cb94 : 2 : ittapi_config_apply_per_lib :  ITTAPI function not implemented: __itt_relation_add_ex
74507 : 0x2ea6085e73d903 : 2 : ittapi_config_apply_per_lib :  ITTAPI function not implemented: __itt_track_group_create
74507 : 0x2ea6085e73df9d : 2 : ittapi_config_apply_per_lib :  ITTAPI function not implemented: __itt_track_create
74507 : 0x2ea6085e73e54a : 2 : ittapi_config_apply_per_lib :  ITTAPI function not implemented: __itt_set_track
74507 : 0x2ea6085e73e9f2 : 2 : ittapi_config_apply_per_lib :  ITTAPI function instrumented: __itt_api_version
74507 : 0x2ea6085e73ef03 : 2 : ittapi_config_apply_per_lib :  ITTAPI function not implemented: __itt_av_save
74507 : 0x2ea6085e7c56bb : 2 : ittapi_config_mask_get :  --itt-config mask to be applied: 17
74507 : 0x2ea6085e7c62bc : 2 : ittapi_config_apply_per_lib :  ITTAPI function instrumented: __itt_domain_create
74507 : 0x2ea6085e7c66f6 : 2 : ittapi_config_apply_per_lib :  ITTAPI function instrumented: __itt_string_handle_create
74507 : 0x2ea6085e7c6bb4 : 2 : ittapi_config_apply_per_lib :  ITTAPI function instrumented: __itt_pause
74507 : 0x2ea6085e944b83 : 2 : ittapi_config_apply_per_lib :  ITTAPI function instrumented: __itt_resume
74507 : 0x2ea6085e945adb : 2 : ittapi_config_apply_per_lib :  ITTAPI function instrumented: __itt_thread_set_name
74507 : 0x2ea6085e94607d : 2 : ittapi_config_apply_per_lib :  ITTAPI function instrumented: __itt_thread_ignore
74507 : 0x2ea6085e9465ca : 2 : ittapi_config_apply_per_lib :  ITTAPI function instrumented: __itt_thr_name_set
74507 : 0x2ea6085e946a38 : 2 : ittapi_config_apply_per_lib :  ITTAPI function instrumented: __itt_thr_ignore
74507 : 0x2ea6085e947494 : 2 : ittapi_config_apply_per_lib :  ITTAPI function not implemented: __itt_enable_attach
74507 : 0x2ea6085e947907 : 2 : ittapi_config_apply_per_lib :  ITTAPI function NOT instrumented (not matched by --itt-config option): __itt_sync_create

74507 : 0x2ea6085e947d13 : 2 : ittapi_config_apply_per_lib :  ITTAPI function NOT instrumented (not matched by --itt-config option): __itt_sync_rename

74507 : 0x2ea6085e948012 : 2 : ittapi_config_apply_per_lib :  ITTAPI function NOT instrumented (not matched by --itt-config option): __itt_sync_destroy

74507 : 0x2ea6085e948331 : 2 : ittapi_config_apply_per_lib :  ITTAPI function NOT instrumented (not matched by --itt-config option): __itt_sync_prepare

74507 : 0x2ea6085eabe047 : 2 : ittapi_config_apply_per_lib :  ITTAPI function NOT instrumented (not matched by --itt-config option): __itt_sync_cancel

74507 : 0x2ea6085eabeafd : 2 : ittapi_config_apply_per_lib :  ITTAPI function NOT instrumented (not matched by --itt-config option): __itt_sync_acquired

74507 : 0x2ea6085eabee66 : 2 : ittapi_config_apply_per_lib :  ITTAPI function NOT instrumented (not matched by --itt-config option): __itt_sync_releasing

74507 : 0x2ea6085eabfb9a : 2 : ittapi_config_apply_per_lib :  ITTAPI function not implemented: __itt_suppress_push
74507 : 0x2ea6085eac0450 : 2 : ittapi_config_apply_per_lib :  ITTAPI function not implemented: __itt_suppress_pop
74507 : 0x2ea6085eac0b39 : 2 : ittapi_config_apply_per_lib :  ITTAPI function not implemented: __itt_suppress_mark_range
74507 : 0x2ea6085eac125d : 2 : ittapi_config_apply_per_lib :  ITTAPI function not implemented: __itt_suppress_clear_range
74507 : 0x2ea6085eac15f6 : 2 : ittapi_config_apply_per_lib :  ITTAPI function NOT instrumented (not matched by --itt-config option): __itt_sync_prepare

74507 : 0x2ea6085eac1902 : 2 : ittapi_config_apply_per_lib :  ITTAPI function NOT instrumented (not matched by --itt-config option): __itt_sync_cancel

74507 : 0x2ea6085eac1beb : 2 : ittapi_config_apply_per_lib :  ITTAPI function NOT instrumented (not matched by --itt-config option): __itt_sync_acquired

74507 : 0x2ea6085ec3c4c2 : 2 : ittapi_config_apply_per_lib :  ITTAPI function NOT instrumented (not matched by --itt-config option): __itt_sync_releasing

74507 : 0x2ea6085ec3dc32 : 2 : ittapi_config_apply_per_lib :  ITTAPI function not implemented: __itt_model_site_begin
74507 : 0x2ea6085ec3e4e1 : 2 : ittapi_config_apply_per_lib :  ITTAPI function not implemented: __itt_model_site_end
74507 : 0x2ea6085ec3ec8f : 2 : ittapi_config_apply_per_lib :  ITTAPI function not implemented: __itt_model_task_begin
74507 : 0x2ea6085ec3f39d : 2 : ittapi_config_apply_per_lib :  ITTAPI function not implemented: __itt_model_task_end
74507 : 0x2ea6085ec3fa72 : 2 : ittapi_config_apply_per_lib :  ITTAPI function not implemented: __itt_model_lock_acquire
74507 : 0x2ea6085ec4022d : 2 : ittapi_config_apply_per_lib :  ITTAPI function not implemented: __itt_model_lock_release
74507 : 0x2ea6085ec40946 : 2 : ittapi_config_apply_per_lib :  ITTAPI function not implemented: __itt_model_record_allocation
74507 : 0x2ea6085ec41110 : 2 : ittapi_config_apply_per_lib :  ITTAPI function not implemented: __itt_model_record_deallocation
74507 : 0x2ea6085ec41854 : 2 : ittapi_config_apply_per_lib :  ITTAPI function not implemented: __itt_model_induction_uses
74507 : 0x2ea6085edbca30 : 2 : ittapi_config_apply_per_lib :  ITTAPI function not implemented: __itt_model_reduction_uses
74507 : 0x2ea6085edbd750 : 2 : ittapi_config_apply_per_lib :  ITTAPI function not implemented: __itt_model_observe_uses
74507 : 0x2ea6085edbdd42 : 2 : ittapi_config_apply_per_lib :  ITTAPI function not implemented: __itt_model_clear_uses
74507 : 0x2ea6085edbe379 : 2 : ittapi_config_apply_per_lib :  ITTAPI function not implemented: __itt_model_site_beginA
74507 : 0x2ea6085edbe96d : 2 : ittapi_config_apply_per_lib :  ITTAPI function not implemented: __itt_model_site_beginAL
74507 : 0x2ea6085edbef47 : 2 : ittapi_config_apply_per_lib :  ITTAPI function not implemented: __itt_model_task_beginA
74507 : 0x2ea6085edbf4fb : 2 : ittapi_config_apply_per_lib :  ITTAPI function not implemented: __itt_model_task_beginAL
74507 : 0x2ea6085edbfb18 : 2 : ittapi_config_apply_per_lib :  ITTAPI function not implemented: __itt_model_iteration_taskA
74507 : 0x2ea6085edc00d4 : 2 : ittapi_config_apply_per_lib :  ITTAPI function not implemented: __itt_model_iteration_taskAL
74507 : 0x2ea6085edc065e : 2 : ittapi_config_apply_per_lib :  ITTAPI function not implemented: __itt_model_site_end_2
74507 : 0x2ea6085ef24374 : 2 : ittapi_config_apply_per_lib :  ITTAPI function not implemented: __itt_model_task_end_2
74507 : 0x2ea6085ef25331 : 2 : ittapi_config_apply_per_lib :  ITTAPI function not implemented: __itt_model_lock_acquire_2
74507 : 0x2ea6085ef25b22 : 2 : ittapi_config_apply_per_lib :  ITTAPI function not implemented: __itt_model_lock_release_2
74507 : 0x2ea6085ef2622b : 2 : ittapi_config_apply_per_lib :  ITTAPI function not implemented: __itt_model_aggregate_task
74507 : 0x2ea6085ef26938 : 2 : ittapi_config_apply_per_lib :  ITTAPI function not implemented: __itt_model_disable_push
74507 : 0x2ea6085ef2705f : 2 : ittapi_config_apply_per_lib :  ITTAPI function not implemented: __itt_model_disable_pop
74507 : 0x2ea6085ef27776 : 2 : ittapi_config_apply_per_lib :  ITTAPI function not implemented: __itt_heap_function_create
74507 : 0x2ea6085ef27f26 : 2 : ittapi_config_apply_per_lib :  ITTAPI function not implemented: __itt_heap_allocate_begin
74507 : 0x2ea6085ef285fc : 2 : ittapi_config_apply_per_lib :  ITTAPI function not implemented: __itt_heap_allocate_end
74507 : 0x2ea6085ef28d92 : 2 : ittapi_config_apply_per_lib :  ITTAPI function not implemented: __itt_heap_free_begin
74507 : 0x2ea6085f093b30 : 2 : ittapi_config_apply_per_lib :  ITTAPI function not implemented: __itt_heap_free_end
74507 : 0x2ea6085f09484d : 2 : ittapi_config_apply_per_lib :  ITTAPI function not implemented: __itt_heap_reallocate_begin
74507 : 0x2ea6085f094eb7 : 2 : ittapi_config_apply_per_lib :  ITTAPI function not implemented: __itt_heap_reallocate_end
74507 : 0x2ea6085f0954ee : 2 : ittapi_config_apply_per_lib :  ITTAPI function not implemented: __itt_heap_internal_access_begin
74507 : 0x2ea6085f095b4b : 2 : ittapi_config_apply_per_lib :  ITTAPI function not implemented: __itt_heap_internal_access_end
74507 : 0x2ea6085f096136 : 2 : ittapi_config_apply_per_lib :  ITTAPI function not implemented: __itt_heap_record_memory_growth_begin
74507 : 0x2ea6085f096772 : 2 : ittapi_config_apply_per_lib :  ITTAPI function not implemented: __itt_heap_record_memory_growth_end
74507 : 0x2ea6085f096ce5 : 2 : ittapi_config_apply_per_lib :  ITTAPI function not implemented: __itt_heap_reset_detection
74507 : 0x2ea6085f0972c4 : 2 : ittapi_config_apply_per_lib :  ITTAPI function not implemented: __itt_heap_record
74507 : 0x2ea6085f097845 : 2 : ittapi_config_apply_per_lib :  ITTAPI function not implemented: __itt_id_create
74507 : 0x2ea6085f21bacd : 2 : ittapi_config_apply_per_lib :  ITTAPI function not implemented: __itt_id_destroy
74507 : 0x2ea6085f21c62a : 2 : ittapi_config_apply_per_lib :  ITTAPI function instrumented: __itt_get_timestamp
74507 : 0x2ea6085f21ccc2 : 2 : ittapi_config_apply_per_lib :  ITTAPI function not implemented: __itt_region_begin
74507 : 0x2ea6085f21d20e : 2 : ittapi_config_apply_per_lib :  ITTAPI function not implemented: __itt_region_end
74507 : 0x2ea6085f21d70e : 2 : ittapi_config_apply_per_lib :  ITTAPI function instrumented: __itt_frame_begin_v3
74507 : 0x2ea6085f21db2a : 2 : ittapi_config_apply_per_lib :  ITTAPI function instrumented: __itt_frame_end_v3
74507 : 0x2ea6085f21df46 : 2 : ittapi_config_apply_per_lib :  ITTAPI function instrumented: __itt_frame_submit_v3
74507 : 0x2ea6085f21e266 : 2 : ittapi_config_apply_per_lib :  ITTAPI function NOT instrumented (not matched by --itt-config option): __itt_task_group

74507 : 0x2ea6085f21e586 : 2 : ittapi_config_apply_per_lib :  ITTAPI function NOT instrumented (not matched by --itt-config option): __itt_task_begin

74507 : 0x2ea6085f21e871 : 2 : ittapi_config_apply_per_lib :  ITTAPI function NOT instrumented (not matched by --itt-config option): __itt_task_begin_fn

74507 : 0x2ea6085f388ef7 : 2 : ittapi_config_apply_per_lib :  ITTAPI function NOT instrumented (not matched by --itt-config option): __itt_task_end

74507 : 0x2ea6085f38a0a6 : 2 : ittapi_config_apply_per_lib :  ITTAPI function not implemented: __itt_counter_inc_v3
74507 : 0x2ea6085f38a7aa : 2 : ittapi_config_apply_per_lib :  ITTAPI function not implemented: __itt_counter_inc_delta_v3
74507 : 0x2ea6085f38adc7 : 2 : ittapi_config_apply_per_lib :  ITTAPI function not implemented: __itt_marker
74507 : 0x2ea6085f38b2d5 : 2 : ittapi_config_apply_per_lib :  ITTAPI function instrumented: __itt_metadata_add
74507 : 0x2ea6085f38b856 : 2 : ittapi_config_apply_per_lib :  ITTAPI function not implemented: __itt_metadata_str_add
74507 : 0x2ea6085f38be3e : 2 : ittapi_config_apply_per_lib :  ITTAPI function not implemented: __itt_relation_add_to_current
74507 : 0x2ea6085f38c3a3 : 2 : ittapi_config_apply_per_lib :  ITTAPI function not implemented: __itt_relation_add
74507 : 0x2ea6085f38c828 : 2 : ittapi_config_apply_per_lib :  ITTAPI function instrumented: __itt_event_create
74507 : 0x2ea6085f38caee : 2 : ittapi_config_apply_per_lib :  ITTAPI function NOT instrumented (not matched by --itt-config option): __itt_event_start

74507 : 0x2ea6085f50f548 : 2 : ittapi_config_apply_per_lib :  ITTAPI function NOT instrumented (not matched by --itt-config option): __itt_event_end

74507 : 0x2ea6085f50ff7c : 2 : ittapi_config_apply_per_lib :  ITTAPI function NOT instrumented (not matched by --itt-config option): __itt_sync_set_name

74507 : 0x2ea6085f510783 : 2 : ittapi_config_apply_per_lib :  ITTAPI function instrumented: __itt_notify_sync_name
74507 : 0x2ea6085f510c5d : 2 : ittapi_config_apply_per_lib :  ITTAPI function instrumented: __itt_notify_sync_prepare
74507 : 0x2ea6085f51109f : 2 : ittapi_config_apply_per_lib :  ITTAPI function instrumented: __itt_notify_sync_cancel
74507 : 0x2ea6085f51150c : 2 : ittapi_config_apply_per_lib :  ITTAPI function instrumented: __itt_notify_sync_acquired
74507 : 0x2ea6085f51191b : 2 : ittapi_config_apply_per_lib :  ITTAPI function instrumented: __itt_notify_sync_releasing
74507 : 0x2ea6085f512081 : 2 : ittapi_config_apply_per_lib :  ITTAPI function not implemented: __itt_memory_read
74507 : 0x2ea6085f5127a0 : 2 : ittapi_config_apply_per_lib :  ITTAPI function not implemented: __itt_memory_write
74507 : 0x2ea6085f512cf9 : 2 : ittapi_config_apply_per_lib :  ITTAPI function not implemented: __itt_memory_update
74507 : 0x2ea6085f660183 : 2 : ittapi_config_apply_per_lib :  ITTAPI function not implemented: __itt_state_get
74507 : 0x2ea6085f660dc0 : 2 : ittapi_config_apply_per_lib :  ITTAPI function not implemented: __itt_state_set
74507 : 0x2ea6085f66142a : 2 : ittapi_config_apply_per_lib :  ITTAPI function not implemented: __itt_obj_mode_set
74507 : 0x2ea6085f6619bb : 2 : ittapi_config_apply_per_lib :  ITTAPI function not implemented: __itt_thr_mode_set
74507 : 0x2ea6085f661e5c : 2 : ittapi_config_apply_per_lib :  ITTAPI function instrumented: __itt_frame_create
74507 : 0x2ea6085f6622ac : 2 : ittapi_config_apply_per_lib :  ITTAPI function instrumented: __itt_frame_begin
74507 : 0x2ea6085f6626d2 : 2 : ittapi_config_apply_per_lib :  ITTAPI function instrumented: __itt_frame_end
74507 : 0x2ea6085f662c27 : 2 : ittapi_config_apply_per_lib :  ITTAPI function not implemented: __itt_counter_create
74507 : 0x2ea6085f6631d9 : 2 : ittapi_config_apply_per_lib :  ITTAPI function not implemented: __itt_counter_destroy
74507 : 0x2ea6085f6636f2 : 2 : ittapi_config_apply_per_lib :  ITTAPI function not implemented: __itt_counter_inc
74507 : 0x2ea6085f819bca : 2 : ittapi_config_apply_per_lib :  ITTAPI function not implemented: __itt_counter_inc_delta
74507 : 0x2ea6085f81a8bc : 2 : ittapi_config_apply_per_lib :  ITTAPI function not implemented: __itt_mark_create
74507 : 0x2ea6085f81ae76 : 2 : ittapi_config_apply_per_lib :  ITTAPI function not implemented: __itt_mark
74507 : 0x2ea6085f81b5a3 : 2 : ittapi_config_apply_per_lib :  ITTAPI function not implemented: __itt_mark_off
74507 : 0x2ea6085f81bb2e : 2 : ittapi_config_apply_per_lib :  ITTAPI function not implemented: __itt_mark_global
74507 : 0x2ea6085f81c0e3 : 2 : ittapi_config_apply_per_lib :  ITTAPI function not implemented: __itt_mark_global_off
74507 : 0x2ea6085f81c570 : 2 : ittapi_config_apply_per_lib :  ITTAPI function instrumented: __itt_stack_caller_create
74507 : 0x2ea6085f81c99b : 2 : ittapi_config_apply_per_lib :  ITTAPI function instrumented: __itt_stack_caller_destroy
74507 : 0x2ea6085f81cdbe : 2 : ittapi_config_apply_per_lib :  ITTAPI function instrumented: __itt_stack_callee_enter
74507 : 0x2ea6085f81d1d8 : 2 : ittapi_config_apply_per_lib :  ITTAPI function instrumented: __itt_stack_callee_leave
74507 : 0x2ea6085f974516 : 2 : ittapi_config_apply_per_lib :  ITTAPI function not implemented: __itt_clock_domain_create
74507 : 0x2ea6085f97528d : 2 : ittapi_config_apply_per_lib :  ITTAPI function not implemented: __itt_clock_domain_reset
74507 : 0x2ea6085f97588c : 2 : ittapi_config_apply_per_lib :  ITTAPI function not implemented: __itt_id_create_ex
74507 : 0x2ea6085f975e54 : 2 : ittapi_config_apply_per_lib :  ITTAPI function not implemented: __itt_id_destroy_ex
74507 : 0x2ea6085f976188 : 2 : ittapi_config_apply_per_lib :  ITTAPI function NOT instrumented (not matched by --itt-config option): __itt_task_begin_ex

74507 : 0x2ea6085f9764a1 : 2 : ittapi_config_apply_per_lib :  ITTAPI function NOT instrumented (not matched by --itt-config option): __itt_task_begin_fn_ex

74507 : 0x2ea6085f9767cc : 2 : ittapi_config_apply_per_lib :  ITTAPI function NOT instrumented (not matched by --itt-config option): __itt_task_end_ex

74507 : 0x2ea6085f976ab8 : 2 : ittapi_config_apply_per_lib :  ITTAPI function NOT instrumented (not matched by --itt-config option): __itt_task_begin_overlapped

74507 : 0x2ea6085f976db5 : 2 : ittapi_config_apply_per_lib :  ITTAPI function NOT instrumented (not matched by --itt-config option): __itt_task_begin_overlapped_ex

74507 : 0x2ea6085f977f1b : 2 : ittapi_config_apply_per_lib :  ITTAPI function NOT instrumented (not matched by --itt-config option): __itt_task_end_overlapped

74507 : 0x2ea6085fad791b : 2 : ittapi_config_apply_per_lib :  ITTAPI function NOT instrumented (not matched by --itt-config option): __itt_task_end_overlapped_ex

74507 : 0x2ea6085fad8b9f : 2 : ittapi_config_apply_per_lib :  ITTAPI function not implemented: __itt_marker_ex
74507 : 0x2ea6085fad92d1 : 2 : ittapi_config_apply_per_lib :  ITTAPI function not implemented: __itt_metadata_add_with_scope
74507 : 0x2ea6085fad9998 : 2 : ittapi_config_apply_per_lib :  ITTAPI function not implemented: __itt_metadata_str_add_with_scope
74507 : 0x2ea6085fada03c : 2 : ittapi_config_apply_per_lib :  ITTAPI function not implemented: __itt_relation_add_to_current_ex
74507 : 0x2ea6085fada5f7 : 2 : ittapi_config_apply_per_lib :  ITTAPI function not implemented: __itt_relation_add_ex
74507 : 0x2ea6085fadac69 : 2 : ittapi_config_apply_per_lib :  ITTAPI function not implemented: __itt_track_group_create
74507 : 0x2ea6085fadb1f7 : 2 : ittapi_config_apply_per_lib :  ITTAPI function not implemented: __itt_track_create
74507 : 0x2ea6085fadb768 : 2 : ittapi_config_apply_per_lib :  ITTAPI function not implemented: __itt_set_track
74507 : 0x2ea6085fadbb95 : 2 : ittapi_config_apply_per_lib :  ITTAPI function instrumented: __itt_api_version
74507 : 0x2ea6085fc274ba : 2 : ittapi_config_apply_per_lib :  ITTAPI function not implemented: __itt_av_save