
54594 : 0x2eddd32b9df3e0 : 4 : __ittapi_collector_init :  pthread_atfork() result: 0
54594 : 0x2eddd32ba0da4e : 2 : ittapi_config_mask_get :  --itt-config mask to be applied: 17
54594 : 0x2eddd32ba1038e : 2 : ittapi_config_apply_per_lib :  ITTAPI function instrumented: __itt_domain_create
54594 : 0x2eddd32ba10a83 : 2 : ittapi_config_apply_per_lib :  ITTAPI function instrumented: __itt_string_handle_create
54594 : 0x2eddd32ba11143 : 2 : ittapi_config_apply_per_lib :  ITTAPI function instrumented: __itt_pause
54594 : 0x2eddd32ba115f4 : 2 : ittapi_config_apply_per_lib :  ITTAPI function instrumented: __itt_resume
54594 : 0x2eddd32ba11ca8 : 2 : ittapi_config_apply_per_lib :  ITTAPI function instrumented: __itt_thread_set_name
54594 : 0x2eddd32ba12128 : 2 : ittapi_config_apply_per_lib :  ITTAPI function instrumented: __itt_thread_ignore
54594 : 0x2eddd32ba12667 : 2 : ittapi_config_apply_per_lib :  ITTAPI function instrumented: __itt_thr_name_set
54594 : 0x2eddd32ba12ab4 : 2 : ittapi_config_apply_per_lib :  ITTAPI function instrumented: __itt_thr_ignore
54594 : 0x2eddd32c33d27a : 2 : ittapi_config_apply_per_lib :  ITTAPI function not implemented: __itt_enable_attach
54594 : 0x2eddd32c340bc2 : 2 : ittapi_config_apply_per_lib :  ITTAPI function NOT instrumented (not matched by --itt-config option): __itt_sync_create

54594 : 0x2eddd32c3410ec : 2 : ittapi_config_apply_per_lib :  ITTAPI function NOT instrumented (not matched by --itt-config option): __itt_sync_rename

54594 : 0x2eddd32c34143f : 2 : ittapi_config_apply_per_lib :  ITTAPI function NOT instrumented (not matched by --itt-config option): __itt_sync_destroy

54594 : 0x2eddd32c34176e : 2 : ittapi_config_apply_per_lib :  ITTAPI function NOT instrumented (not matched by --itt-config option): __itt_sync_prepare

54594 : 0x2eddd32c341a70 : 2 : ittapi_config_apply_per_lib :  ITTAPI function NOT instrumented (not matched by --itt-config option): __itt_sync_cancel

54594 : 0x2eddd32c341d6a : 2 : ittapi_config_apply_per_lib :  ITTAPI function NOT instrumented (not matched by --itt-config option): __itt_sync_acquired

54594 : 0x2eddd32c34207f : 2 : ittapi_config_apply_per_lib :  ITTAPI function NOT instrumented (not matched by --itt-config option): __itt_sync_releasing

54594 : 0x2eddd32c34305d : 2 : ittapi_config_apply_per_lib :  ITTAPI function not implemented: __itt_suppress_push
54594 : 0x2eddd32c3437ef : 2 : ittapi_config_apply_per_lib :  ITTAPI function not implemented: __itt_suppress_pop
54594 : 0x2eddd32c4c2b2b : 2 : ittapi_config_apply_per_lib :  ITTAPI function not implemented: __itt_suppress_mark_range
54594 : 0x2eddd32c4c3cba : 2 : ittapi_config_apply_per_lib :  ITTAPI function not implemented: __itt_suppress_clear_range
54594 : 0x2eddd32c4c4161 : 2 : ittapi_config_apply_per_lib :  ITTAPI function NOT instrumented (not matched by --itt-config option): __itt_sync_prepare

54594 : 0x2eddd32c4c4506 : 2 : ittapi_config_apply_per_lib :  ITTAPI function NOT instrumented (not matched by --itt-config option): __itt_sync_cancel

54594 : 0x2eddd32c4c481a : 2 : ittapi_config_apply_per_lib :  ITTAPI function NOT instrumented (not matched by --itt-config option): __itt_sync_acquired

54594 : 0x2eddd32c4c4b33 : 2 : ittapi_config_apply_per_lib :  ITTAPI function NOT instrumented (not matched by --itt-config option): __itt_sync_releasing

54594 : 0x2eddd32c4c72fc : 2 : ittapi_config_apply_per_lib :  ITTAPI function not implemented: __itt_model_site_begin
54594 : 0x2eddd32c4c78f0 : 2 : ittapi_config_apply_per_lib :  ITTAPI function not implemented: __itt_model_site_end
54594 : 0x2eddd32c4c7f71 : 2 : ittapi_config_apply_per_lib :  ITTAPI function not implemented: __itt_model_task_begin
54594 : 0x2eddd32c4c859e : 2 : ittapi_config_apply_per_lib :  ITTAPI function not implemented: __itt_model_task_end
54594 : 0x2eddd32c67614a : 2 : ittapi_config_apply_per_lib :  ITTAPI function not implemented: __itt_model_lock_acquire
54594 : 0x2eddd32c6772ad : 2 : ittapi_config_apply_per_lib :  ITTAPI function not implemented: __itt_model_lock_release
54594 : 0x2eddd32c677a23 : 2 : ittapi_config_apply_per_lib :  ITTAPI function not implemented: __itt_model_record_allocation
54594 : 0x2eddd32c678089 : 2 : ittapi_config_apply_per_lib :  ITTAPI function not implemented: __itt_model_record_deallocation
54594 : 0x2eddd32c6786c0 : 2 : ittapi_config_apply_per_lib :  ITTAPI function not implemented: __itt_model_induction_uses
54594 : 0x2eddd32c678d77 : 2 : ittapi_config_apply_per_lib :  ITTAPI function not implemented: __itt_model_reduction_uses
54594 : 0x2eddd32c6793b4 : 2 : ittapi_config_apply_per_lib :  ITTAPI function not implemented: __itt_model_observe_uses
54594 : 0x2eddd32c67997d : 2 : ittapi_config_apply_per_lib :  ITTAPI function not implemented: __itt_model_clear_uses
54594 : 0x2eddd32c679fe8 : 2 : ittapi_config_apply_per_lib :  ITTAPI function not implemented: __itt_model_site_beginA
54594 : 0x2eddd32c67a61a : 2 : ittapi_config_apply_per_lib :  ITTAPI function not implemented: __itt_model_site_beginAL
54594 : 0x2eddd32c817fd6 : 2 : ittapi_config_apply_per_lib :  ITTAPI function not implemented: __itt_model_task_beginA
54594 : 0x2eddd32c819216 : 2 : ittapi_config_apply_per_lib :  ITTAPI function not implemented: __itt_model_task_beginAL
54594 : 0x2eddd32c819a08 : 2 : ittapi_config_apply_per_lib :  ITTAPI function not implemented: __itt_model_iteration_taskA
54594 : 0x2eddd32c81a0ef : 2 : ittapi_config_apply_per_lib :  ITTAPI function not implemented: __itt_model_iteration_taskAL
54594 : 0x2eddd32c81a727 : 2 : ittapi_config_apply_per_lib :  ITTAPI function not implemented: __itt_model_site_end_2
54594 : 0x2eddd32c81ac71 : 2 : ittapi_config_apply_per_lib :  ITTAPI function not implemented: __itt_model_task_end_2
54594 : 0x2eddd32c81b2d2 : 2 : ittapi_config_apply_per_lib :  ITTAPI function not implemented: __itt_model_lock_acquire_2
54594 : 0x2eddd32c81b8ba : 2 : ittapi_config_apply_per_lib :  ITTAPI function not implemented: __itt_model_lock_release_2
54594 : 0x2eddd32c81be7a : 2 : ittapi_config_apply_per_lib :  ITTAPI function not implemented: __itt_model_aggregate_task
54594 : 0x2eddd32c81c3e1 : 2 : ittapi_config_apply_per_lib :  ITTAPI function not implemented: __itt_model_disable_push
54594 : 0x2eddd32c97d30c : 2 : ittapi_config_apply_per_lib :  ITTAPI function not implemented: __itt_model_disable_pop
54594 : 0x2eddd32c97e45b : 2 : ittapi_config_apply_per_lib :  ITTAPI function not implemented: __itt_heap_function_create
54594 : 0x2eddd32c97ed33 : 2 : ittapi_config_apply_per_lib :  ITTAPI function not implemented: __itt_heap_allocate_begin
54594 : 0x2eddd32c97f326 : 2 : ittapi_config_apply_per_lib :  ITTAPI function not implemented: __itt_heap_allocate_end
54594 : 0x2eddd32c97fb37 : 2 : ittapi_config_apply_per_lib :  ITTAPI function not implemented: __itt_heap_free_begin
54594 : 0x2eddd32c980112 : 2 : ittapi_config_apply_per_lib :  ITTAPI function not implemented: __itt_heap_free_end
54594 : 0x2eddd32c9807e9 : 2 : ittapi_config_apply_per_lib :  ITTAPI function not implemented: __itt_heap_reallocate_begin
54594 : 0x2eddd32c980d4f : 2 : ittapi_config_apply_per_lib :  ITTAPI function not implemented: __itt_heap_reallocate_end
54594 : 0x2eddd32c9828ca : 2 : ittapi_config_apply_per_lib :  ITTAPI function not implemented: __itt_heap_internal_access_begin
54594 : 0x2eddd32c982ee9 : 2 : ittapi_config_apply_per_lib :  ITTAPI function not implemented: __itt_heap_internal_access_end
54594 : 0x2eddd32cb00596 : 2 : ittapi_config_apply_per_lib :  ITTAPI function not implemented: __itt_heap_record_memory_growth_begin
54594 : 0x2eddd32cb015e1 : 2 : ittapi_config_apply_per_lib :  ITTAPI function not implemented: __itt_heap_record_memory_growth_end
54594 : 0x2eddd32cb01da0 : 2 : ittapi_config_apply_per_lib :  ITTAPI function not implemented: __itt_heap_reset_detection
54594 : 0x2eddd32cb0242c : 2 : ittapi_config_apply_per_lib :  ITTAPI function not implemented: __itt_heap_record
54594 : 0x2eddd32cb02acc : 2 : ittapi_config_apply_per_lib :  ITTAPI function not implemented: __itt_id_create
54594 : 0x2eddd32cb03073 : 2 : ittapi_config_apply_per_lib :  ITTAPI function not implemented: __itt_id_destroy
54594 : 0x2eddd32cb03640 : 2 : ittapi_config_apply_per_lib :  ITTAPI function instrumented: __itt_get_timestamp
54594 : 0x2eddd32cb03c84 : 2 : ittapi_config_apply_per_lib :  ITTAPI function not implemented: __itt_region_begin
54594 : 0x2eddd32cb04230 : 2 : ittapi_config_apply_per_lib :  ITTAPI function not implemented: __itt_region_end
54594 : 0x2eddd32cb046f1 : 2 : ittapi_config_apply_per_lib :  ITTAPI function instrumented: __itt_frame_begin_v3
54594 : 0x2eddd32cc7cdf8 : 2 : ittapi_config_apply_per_lib :  ITTAPI function instrumented: __itt_frame_end_v3
54594 : 0x2eddd32cc7dca3 : 2 : ittapi_config_apply_per_lib :  ITTAPI function instrumented: __itt_frame_submit_v3
54594 : 0x2eddd32cc7e0e2 : 2 : ittapi_config_apply_per_lib :  ITTAPI function NOT instrumented (not matched by --itt-config option): __itt_task_group

54594 : 0x2eddd32cc7e4d1 : 2 : ittapi_config_apply_per_lib :  ITTAPI function NOT instrumented (not matched by --itt-config option): __itt_task_begin

54594 : 0x2eddd32cc7e796 : 2 : ittapi_config_apply_per_lib :  ITTAPI function NOT instrumented (not matched by --itt-config option): __itt_task_begin_fn

54594 : 0x2eddd32cc7eb09 : 2 : ittapi_config_apply_per_lib :  ITTAPI function NOT instrumented (not matched by --itt-config option): __itt_task_end

54594 : 0x2eddd32cc7f4da : 2 : ittapi_config_apply_per_lib :  ITTAPI function not implemented: __itt_counter_inc_v3
54594 : 0x2eddd32cc7fd9e : 2 : ittapi_config_apply_per_lib :  ITTAPI function not implemented: __itt_counter_inc_delta_v3
54594 : 0x2eddd32cc80460 : 2 : ittapi_config_apply_per_lib :  ITTAPI function not implemented: __itt_marker
54594 : 0x2eddd32cc8098c : 2 : ittapi_config_apply_per_lib :  ITTAPI function instrumented: __itt_metadata_add
54594 : 0x2eddd32cdf1713 : 2 : ittapi_config_apply_per_lib :  ITTAPI function not implemented: __itt_metadata_str_add
54594 : 0x2eddd32cdf2998 : 2 : ittapi_config_apply_per_lib :  ITTAPI function not implemented: __itt_relation_add_to_current
54594 : 0x2eddd32cdf30fa : 2 : ittapi_config_apply_per_lib :  ITTAPI function not implemented: __itt_relation_add
54594 : 0x2eddd32cdf372f : 2 : ittapi_config_apply_per_lib :  ITTAPI function instrumented: __itt_event_create
54594 : 0x2eddd32cdf3ae8 : 2 : ittapi_config_apply_per_lib :  ITTAPI function NOT instrumented (not matched by --itt-config option): __itt_event_start

54594 : 0x2eddd32cdf3e73 : 2 : ittapi_config_apply_per_lib :  ITTAPI function NOT instrumented (not matched by --itt-config option): __itt_event_end

54594 : 0x2eddd32cdf418c : 2 : ittapi_config_apply_per_lib :  ITTAPI function NOT instrumented (not matched by --itt-config option): __itt_sync_set_name

54594 : 0x2eddd32cdf4600 : 2 : ittapi_config_apply_per_lib :  ITTAPI function instrumented: __itt_notify_sync_name
54594 : 0x2eddd32cdf4a58 : 2 : ittapi_config_apply_per_lib :  ITTAPI function instrumented: __itt_notify_sync_prepare
54594 : 0x2eddd32cdf4eba : 2 : ittapi_config_apply_per_lib :  ITTAPI function instrumented: __itt_notify_sync_cancel
54594 : 0x2eddd32cf7f222 : 2 : ittapi_config_apply_per_lib :  ITTAPI function instrumented: __itt_notify_sync_acquired
54594 : 0x2eddd32cf800f8 : 2 : ittapi_config_apply_per_lib :  ITTAPI function instrumented: __itt_notify_sync_releasing
54594 : 0x2eddd32cf80c8f : 2 : ittapi_config_apply_per_lib :  ITTAPI function not implemented: __itt_memory_read
54594 : 0x2eddd32cf81561 : 2 : ittapi_config_apply_per_lib :  ITTAPI function not implemented: __itt_memory_write
54594 : 0x2eddd32cf81b9d : 2 : ittapi_config_apply_per_lib :  ITTAPI function not implemented: __itt_memory_update
54594 : 0x2eddd32cf821e2 : 2 : ittapi_config_apply_per_lib :  ITTAPI function not implemented: __itt_state_get
54594 : 0x2eddd32cf82750 : 2 : ittapi_config_apply_per_lib :  ITTAPI function not implemented: __itt_state_set
54594 : 0x2eddd32cf82d40 : 2 : ittapi_config_apply_per_lib :  ITTAPI function not implemented: __itt_obj_mode_set
54594 : 0x2eddd32cf832b2 : 2 : ittapi_config_apply_per_lib :  ITTAPI function not implemented: __itt_thr_mode_set
54594 : 0x2eddd32cf83782 : 2 : ittapi_config_apply_per_lib :  ITTAPI function instrumented: __itt_frame_create
54594 : 0x2eddd32d1605fc : 2 : ittapi_config_apply_per_lib :  ITTAPI function instrumented: __itt_frame_begin
54594 : 0x2eddd32d161546 : 2 : ittapi_config_apply_per_lib :  ITTAPI function instrumented: __itt_frame_end
54594 : 0x2eddd32d1620c6 : 2 : ittapi_config_apply_per_lib :  ITTAPI function not implemented: __itt_counter_create
54594 : 0x2eddd32d16299d : 2 : ittapi_config_apply_per_lib :  ITTAPI function not implemented: __itt_counter_destroy
54594 : 0x2eddd32d162f6b : 2 : ittapi_config_apply_per_lib :  ITTAPI function not implemented: __itt_counter_inc
54594 : 0x2eddd32d163719 : 2 : ittapi_config_apply_per_lib :  ITTAPI function not implemented: __itt_counter_inc_delta
54594 : 0x2eddd32d163d3d : 2 : ittapi_config_apply_per_lib :  ITTAPI function not implemented: __itt_mark_create
54594 : 0x2eddd32d16432a : 2 : ittapi_config_apply_per_lib :  ITTAPI function not implemented: __itt_mark
54594 : 0x2eddd32d1649b8 : 2 : ittapi_config_apply_per_lib :  ITTAPI function not implemented: __itt_mark_off
54594 : 0x2eddd32d164fac : 2 : ittapi_config_apply_per_lib :  ITTAPI function not implemented: __itt_mark_global
54594 : 0x2eddd32d2ef107 : 2 : ittapi_config_apply_per_lib :  ITTAPI function not implemented: __itt_mark_global_off
54594 : 0x2eddd32d2f019f : 2 : ittapi_config_apply_per_lib :  ITTAPI function instrumented: __itt_stack_caller_create
54594 : 0x2eddd32d2f07ed : 2 : ittapi_config_apply_per_lib :  ITTAPI function instrumented: __itt_stack_caller_destroy
54594 : 0x2eddd32d2f0cba : 2 : ittapi_config_apply_per_lib :  ITTAPI function instrumented: __itt_stack_callee_enter
54594 : 0x2eddd32d2f1145 : 2 : ittapi_config_apply_per_lib :  ITTAPI function instrumented: __itt_stack_callee_leave
54594 : 0x2eddd32d2f1786 : 2 : ittapi_config_apply_per_lib :  ITTAPI function not implemented: __itt_clock_domain_create
54594 : 0x2eddd32d2f1ebd : 2 : ittapi_config_apply_per_lib :  ITTAPI function not implemented: __itt_clock_domain_reset
54594 : 0x2eddd32d2f2452 : 2 : ittapi_config_apply_per_lib :  ITTAPI function not implemented: __itt_id_create_ex
54594 : 0x2eddd32d2f2ac3 : 2 : ittapi_config_apply_per_lib :  ITTAPI function not implemented: __itt_id_destroy_ex
54594 : 0x2eddd32d2f2e2b : 2 : ittapi_config_apply_per_lib :  ITTAPI function NOT instrumented (not matched by --itt-config option): __itt_task_begin_ex

54594 : 0x2eddd32d47edf2 : 2 : ittapi_config_apply_per_lib :  ITTAPI function NOT instrumented (not matched by --itt-config option): __itt_task_begin_fn_ex

54594 : 0x2eddd32d47fc0e : 2 : ittapi_config_apply_per_lib :  ITTAPI function NOT instrumented (not matched by --itt-config option): __itt_task_end_ex

54594 : 0x2eddd32d47ffe9 : 2 : ittapi_config_apply_per_lib :  ITTAPI function NOT instrumented (not matched by --itt-config option): __itt_task_begin_overlapped

54594 : 0x2eddd32d480328 : 2 : ittapi_config_apply_per_lib :  ITTAPI function NOT instrumented (not matched by --itt-config option): __itt_task_begin_overlapped_ex

54594 : 0x2eddd32d480629 : 2 : ittapi_config_apply_per_lib :  ITTAPI function NOT instrumented (not matched by --itt-config option): __itt_task_end_overlapped

54594 : 0x2eddd32d480986 : 2 : ittapi_config_apply_per_lib :  ITTAPI function NOT instrumented (not matched by --itt-config option): __itt_task_end_overlapped_ex

54594 : 0x2eddd32d481a7a : 2 : ittapi_config_apply_per_lib :  ITTAPI function not implemented: __itt_marker_ex
54594 : 0x2eddd32d4822e3 : 2 : ittapi_config_apply_per_lib :  ITTAPI function not implemented: __itt_metadata_add_with_scope
54594 : 0x2eddd32d482a08 : 2 : ittapi_config_apply_per_lib :  ITTAPI function not implemented: __itt_metadata_str_add_with_scope
54594 : 0x2eddd32d483118 : 2 : ittapi_config_apply_per_lib :  ITTAPI function not implemented: __itt_relation_add_to_current_ex
54594 : 0x2eddd32d636b5e : 2 : ittapi_config_apply_per_lib :  ITTAPI function not implemented: __itt_relation_add_ex
54594 : 0x2eddd32d63817a : 2 : ittapi_config_apply_per_lib :  ITTAPI function not implemented: __itt_track_group_create
54594 : 0x2eddd32d638af4 : 2 : ittapi_config_apply_per_lib :  ITTAPI function not implemented: __itt_track_create
54594 : 0x2eddd32d63931e : 2 : ittapi_config_apply_per_lib :  ITTAPI function not implemented: __itt_set_track
54594 : 0x2eddd32d639a65 : 2 : ittapi_config_apply_per_lib :  ITTAPI function instrumented: __itt_api_version
54594 : 0x2eddd32d63a195 : 2 : ittapi_config_apply_per_lib :  ITTAPI function not implemented: __itt_av_save
54594 : 0x2eddd32d6c5d6f : 2 : ittapi_config_mask_get :  --itt-config mask to be applied: 17
54594 : 0x2eddd32d6c69cf : 2 : ittapi_config_apply_per_lib :  ITTAPI function instrumented: __itt_domain_create
54594 : 0x2eddd32d6c6e6d : 2 : ittapi_config_apply_per_lib :  ITTAPI function instrumented: __itt_string_handle_create
54594 : 0x2eddd32d6c7371 : 2 : ittapi_config_apply_per_lib :  ITTAPI function instrumented: __itt_pause
54594 : 0x2eddd32d85d522 : 2 : ittapi_config_apply_per_lib :  ITTAPI function instrumented: __itt_resume
54594 : 0x2eddd32d85e411 : 2 : ittapi_config_apply_per_lib :  ITTAPI function instrumented: __itt_thread_set_name
54594 : 0x2eddd32d85e99e : 2 : ittapi_config_apply_per_lib :  ITTAPI function instrumented: __itt_thread_ignore
54594 : 0x2eddd32d85ee94 : 2 : ittapi_config_apply_per_lib :  ITTAPI function instrumented: __itt_thr_name_set
54594 : 0x2eddd32d85f2c1 : 2 : ittapi_config_apply_per_lib :  ITTAPI function instrumented: __itt_thr_ignore
54594 : 0x2eddd32d85fd22 : 2 : ittapi_config_apply_per_lib :  ITTAPI function not implemented: __itt_enable_attach
54594 : 0x2eddd32d860167 : 2 : ittapi_config_apply_per_lib :  ITTAPI function NOT instrumented (not matched by --itt-config option): __itt_sync_create

54594 : 0x2eddd32d86056d : 2 : ittapi_config_apply_per_lib :  ITTAPI function NOT instrumented (not matched by --itt-config option): __itt_sync_rename

54594 : 0x2eddd32d8608aa : 2 : ittapi_config_apply_per_lib :  ITTAPI function NOT instrumented (not matched by --itt-config option): __itt_sync_destroy

54594 : 0x2eddd32d860bbf : 2 : ittapi_config_apply_per_lib :  ITTAPI function NOT instrumented (not matched by --itt-config option): __itt_sync_prepare

54594 : 0x2eddd32d9f64a1 : 2 : ittapi_config_apply_per_lib :  ITTAPI function NOT instrumented (not matched by --itt-config option): __itt_sync_cancel

54594 : 0x2eddd32d9f72ba : 2 : ittapi_config_apply_per_lib :  ITTAPI function NOT instrumented (not matched by --itt-config option): __itt_sync_acquired

54594 : 0x2eddd32d9f76b0 : 2 : ittapi_config_apply_per_lib :  ITTAPI function NOT instrumented (not matched by --itt-config option): __itt_sync_releasing

54594 : 0x2eddd32d9f8677 : 2 : ittapi_config_apply_per_lib :  ITTAPI function not implemented: __itt_suppress_push
54594 : 0x2eddd32d9f8e75 : 2 : ittapi_config_apply_per_lib :  ITTAPI function not implemented: __itt_suppress_pop
54594 : 0x2eddd32d9f9561 : 2 : ittapi_config_apply_per_lib :  ITTAPI function not implemented: __itt_suppress_mark_range
54594 : 0x2eddd32d9f9bbe : 2 : ittapi_config_apply_per_lib :  ITTAPI function not implemented: __itt_suppress_clear_range
54594 : 0x2eddd32d9f9f5f : 2 : ittapi_config_apply_per_lib :  ITTAPI function NOT instrumented (not matched by --itt-config option): __itt_sync_prepare

54594 : 0x2eddd32d9fa277 : 2 : ittapi_config_apply_per_lib :  ITTAPI function NOT instrumented (not matched by --itt-config option): __itt_sync_cancel

54594 : 0x2eddd32d9fa577 : 2 : ittapi_config_apply_per_lib :  ITTAPI function NOT instrumented (not matched by --itt-config option): __itt_sync_acquired

54594 : 0x2eddd32db57068 : 2 : ittapi_config_apply_per_lib :  ITTAPI function NOT instrumented (not matched by --itt-config option): __itt_sync_releasing

54594 : 0x2eddd32db58a7d : 2 : ittapi_config_apply_per_lib :  ITTAPI function not implemented: __itt_model_site_begin
54594 : 0x2eddd32db59249 : 2 : ittapi_config_apply_per_lib :  ITTAPI function not implemented: __itt_model_site_end
54594 : 0x2eddd32db5993a : 2 : ittapi_config_apply_per_lib :  ITTAPI function not implemented: __itt_model_task_begin
54594 : 0x2eddd32db59edb : 2 : ittapi_config_apply_per_lib :  ITTAPI function not implemented: __itt_model_task_end
54594 : 0x2eddd32db5a482 : 2 : ittapi_config_apply_per_lib :  ITTAPI function not implemented: __itt_model_lock_acquire
54594 : 0x2eddd32db5aa74 : 2 : ittapi_config_apply_per_lib :  ITTAPI function not implemented: __itt_model_lock_release
54594 : 0x2eddd32db5b045 : 2 : ittapi_config_apply_per_lib :  ITTAPI function not implemented: __itt_model_record_allocation
54594 : 0x2eddd32db5b648 : 2 : ittapi_config_apply_per_lib :  ITTAPI function not implemented: __itt_model_record_deallocation
54594 : 0x2eddd32db5bc70 : 2 : ittapi_config_apply_per_lib :  ITTAPI function not implemented: __itt_model_induction_uses
54594 : 0x2eddd32dd067ab : 2 : ittapi_config_apply_per_lib :  ITTAPI function not implemented: __itt_model_reduction_uses
54594 : 0x2eddd32dd078f2 : 2 : ittapi_config_apply_per_lib :  ITTAPI function not implemented: __itt_model_observe_uses
54594 : 0x2eddd32dd08024 : 2 : ittapi_config_apply_per_lib :  ITTAPI function not implemented: __itt_model_clear_uses
54594 : 0x2eddd32dd086b4 : 2 : ittapi_config_apply_per_lib :  ITTAPI function not implemented: __itt_model_site_beginA
54594 : 0x2eddd32dd08d2a : 2 : ittapi_config_apply_per_lib :  ITTAPI function not implemented: __itt_model_site_beginAL
54594 : 0x2eddd32dd0934c : 2 : ittapi_config_apply_per_lib :  ITTAPI function not implemented: __itt_model_task_beginA
54594 : 0x2eddd32dd0998e : 2 : ittapi_config_apply_per_lib :  ITTAPI function not implemented: __itt_model_task_beginAL
54594 : 0x2eddd32dd09f34 : 2 : ittapi_config_apply_per_lib :  ITTAPI function not implemented: __itt_model_iteration_taskA
54594 : 0x2eddd32dd0a562 : 2 : ittapi_config_apply_per_lib :  ITTAPI function not implemented: __itt_model_iteration_taskAL
54594 : 0x2eddd32dd0aae7 : 2 : ittapi_config_apply_per_lib :  ITTAPI function not implemented: __itt_model_site_end_2
54594 : 0x2eddd32de75ede : 2 : ittapi_config_apply_per_lib :  ITTAPI function not implemented: __itt_model_task_end_2
54594 : 0x2eddd32de76bdc : 2 : ittapi_config_apply_per_lib :  ITTAPI function not implemented: __itt_model_lock_acquire_2
54594 : 0x2eddd32de772f9 : 2 : ittapi_config_apply_per_lib :  ITTAPI function not implemented: __itt_model_lock_release_2
54594 : 0x2eddd32de778f0 : 2 : ittapi_config_apply_per_lib :  ITTAPI function not implemented: __itt_model_aggregate_task
54594 : 0x2eddd32de77f28 : 2 : ittapi_config_apply_per_lib :  ITTAPI function not implemented: __itt_model_disable_push
54594 : 0x2eddd32de784e0 : 2 : ittapi_config_apply_per_lib :  ITTAPI function not implemented: __itt_model_disable_pop
54594 : 0x2eddd32de78b0b : 2 : ittapi_config_apply_per_lib :  ITTAPI function not implemented: __itt_heap_function_create
54594 : 0x2eddd32de7915b : 2 : ittapi_config_apply_per_lib :  ITTAPI function not implemented: __itt_heap_allocate_begin
54594 : 0x2eddd32de79720 : 2 : ittapi_config_apply_per_lib :  ITTAPI function not implemented: __itt_heap_allocate_end
54594 : 0x2eddd32de79d96 : 2 : ittapi_config_apply_per_lib :  ITTAPI function not implemented: __itt_heap_free_begin
54594 : 0x2eddd32e03f299 : 2 : ittapi_config_apply_per_lib :  ITTAPI function not implemented: __itt_heap_free_end
54594 : 0x2eddd32e04045f : 2 : ittapi_config_apply_per_lib :  ITTAPI function not implemented: __itt_heap_reallocate_begin
54594 : 0x2eddd32e040b9a : 2 : ittapi_config_apply_per_lib :  ITTAPI function not implemented: __itt_heap_reallocate_end
54594 : 0x2eddd32e041291 : 2 : ittapi_config_apply_per_lib :  ITTAPI function not implemented: __itt_heap_internal_access_begin
54594 : 0x2eddd32e041917 : 2 : ittapi_config_apply_per_lib :  ITTAPI function not implemented: __itt_heap_internal_access_end
54594 : 0x2eddd32e041f11 : 2 : ittapi_config_apply_per_lib :  ITTAPI function not implemented: __itt_heap_record_memory_growth_begin
54594 : 0x2eddd32e042546 : 2 : ittapi_config_apply_per_lib :  ITTAPI function not implemented: __itt_heap_record_memory_growth_end
54594 : 0x2eddd32e042af0 : 2 : ittapi_config_apply_per_lib :  ITTAPI function not implemented: __itt_heap_reset_detection
54594 : 0x2eddd32e043132 : 2 : ittapi_config_apply_per_lib :  ITTAPI function not implemented: __itt_heap_record
54594 : 0x2eddd32e0436b6 : 2 : ittapi_config_apply_per_lib :  ITTAPI function not implemented: __itt_id_create
54594 : 0x2eddd32e1e0acb : 2 : ittapi_config_apply_per_lib :  ITTAPI function not implemented: __itt_id_destroy
54594 : 0x2eddd32e1e1ae4 : 2 : ittapi_config_apply_per_lib :  ITTAPI function instrumented: __itt_get_timestamp
54594 : 0x2eddd32e1e22b1 : 2 : ittapi_config_apply_per_lib :  ITTAPI function not implemented: __itt_region_begin
54594 : 0x2eddd32e1e2859 : 2 : ittapi_config_apply_per_lib :  ITTAPI function not implemented: __itt_region_end
54594 : 0x2eddd32e1e2d90 : 2 : ittapi_config_apply_per_lib :  ITTAPI function instrumented: __itt_frame_begin_v3
54594 : 0x2eddd32e1e31bb : 2 : ittapi_config_apply_per_lib :  ITTAPI function instrumented: __itt_frame_end_v3
54594 : 0x2eddd32e1e3613 : 2 : ittapi_config_apply_per_lib :  ITTAPI function instrumented: __itt_frame_submit_v3
54594 : 0x2eddd32e1e395c : 2 : ittapi_config_apply_per_lib :  ITTAPI function NOT instrumented (not matched by --itt-config option): __itt_task_group

54594 : 0x2eddd32e1e3d02 : 2 : ittapi_config_apply_per_lib :  ITTAPI function NOT instrumented (not matched by --itt-config option): __itt_task_begin

54594 : 0x2eddd32e1e4004 : 2 : ittapi_config_apply_per_lib :  ITTAPI function NOT instrumented (not matched by --itt-config option): __itt_task_begin_fn

54594 : 0x2eddd32e354cd4 : 2 : ittapi_config_apply_per_lib :  ITTAPI function NOT instrumented (not matched by --itt-config option): __itt_task_end

54594 : 0x2eddd32e3566ab : 2 : ittapi_config_apply_per_lib :  ITTAPI function not implemented: __itt_counter_inc_v3
54594 : 0x2eddd32e35708d : 2 : ittapi_config_apply_per_lib :  ITTAPI function not implemented: __itt_counter_inc_delta_v3
54594 : 0x2eddd32e35788d : 2 : ittapi_config_apply_per_lib :  ITTAPI function not implemented: __itt_marker
54594 : 0x2eddd32e357e59 : 2 : ittapi_config_apply_per_lib :  ITTAPI function instrumented: __itt_metadata_add
54594 : 0x2eddd32e358535 : 2 : ittapi_config_apply_per_lib :  ITTAPI function not implemented: __itt_metadata_str_add
54594 : 0x2eddd32e358b77 : 2 : ittapi_config_apply_per_lib :  ITTAPI function not implemented: __itt_relation_add_to_current
54594 : 0x2eddd32e359151 : 2 : ittapi_config_apply_per_lib :  ITTAPI function not implemented: __itt_relation_add
54594 : 0x2eddd32e3595d6 : 2 : ittapi_config_apply_per_lib :  ITTAPI function instrumented: __itt_event_create
54594 : 0x2eddd32e3598f1 : 2 : ittapi_config_apply_per_lib :  ITTAPI function NOT instrumented (not matched by --itt-config option): __itt_event_start

54594 : 0x2eddd32e4d191e : 2 : ittapi_config_apply_per_lib :  ITTAPI function NOT instrumented (not matched by --itt-config option): __itt_event_end

54594 : 0x2eddd32e4d26e5 : 2 : ittapi_config_apply_per_lib :  ITTAPI function NOT instrumented (not matched by --itt-config option): __itt_sync_set_name

54594 : 0x2eddd32e4d32a8 : 2 : ittapi_config_apply_per_lib :  ITTAPI function instrumented: __itt_notify_sync_name
54594 : 0x2eddd32e4d3800 : 2 : ittapi_config_apply_per_lib :  ITTAPI function instrumented: __itt_notify_sync_prepare
54594 : 0x2eddd32e4d3cb6 : 2 : ittapi_config_apply_per_lib :  ITTAPI function instrumented: __itt_notify_sync_cancel
54594 : 0x2eddd32e4d4159 : 2 : ittapi_config_apply_per_lib :  ITTAPI function instrumented: __itt_notify_sync_acquired
54594 : 0x2eddd32e4d455f : 2 : ittapi_config_apply_per_lib :  ITTAPI function instrumented: __itt_notify_sync_releasing
54594 : 0x2eddd32e4d4faa : 2 : ittapi_config_apply_per_lib :  ITTAPI function not implemented: __itt_memory_read
54594 : 0x2eddd32e4d5801 : 2 : ittapi_config_apply_per_lib :  ITTAPI function not implemented: __itt_memory_write
54594 : 0x2eddd32e4d5de8 : 2 : ittapi_config_apply_per_lib :  ITTAPI function not implemented: __itt_memory_update
54594 : 0x2eddd32e64eca1 : 2 : ittapi_config_apply_per_lib :  ITTAPI function not implemented: __itt_state_get
54594 : 0x2eddd32e64fcad : 2 : ittapi_config_apply_per_lib :  ITTAPI function not implemented: __itt_state_set
54594 : 0x2eddd32e6503f5 : 2 : ittapi_config_apply_per_lib :  ITTAPI function not implemented: __itt_obj_mode_set
54594 : 0x2eddd32e650a29 : 2 : ittapi_config_apply_per_lib :  ITTAPI function not implemented: __itt_thr_mode_set
54594 : 0x2eddd32e650fc8 : 2 : ittapi_config_apply_per_lib :  ITTAPI function instrumented: __itt_frame_create
54594 : 0x2eddd32e651517 : 2 : ittapi_config_apply_per_lib :  ITTAPI function instrumented: __itt_frame_begin
54594 : 0x2eddd32e65197d : 2 : ittapi_config_apply_per_lib :  ITTAPI function instrumented: __itt_frame_end
54594 : 0x2eddd32e651f17 : 2 : ittapi_config_apply_per_lib :  ITTAPI function not implemented: __itt_counter_create
54594 : 0x2eddd32e6524bd : 2 : ittapi_config_apply_per_lib :  ITTAPI function not implemented: __itt_counter_destroy
54594 : 0x2eddd32e652a0d : 2 : ittapi_config_apply_per_lib :  ITTAPI function not implemented: __itt_counter_inc
54594 : 0x2eddd32e80f5cf : 2 : ittapi_config_apply_per_lib :  ITTAPI function not implemented: __itt_counter_inc_delta
54594 : 0x2eddd32e8107b4 : 2 : ittapi_config_apply_per_lib :  ITTAPI function not implemented: __itt_mark_create
54594 : 0x2eddd32e810f65 : 2 : ittapi_config_apply_per_lib :  ITTAPI function not implemented: __itt_mark
54594 : 0x2eddd32e81170e : 2 : ittapi_config_apply_per_lib :  ITTAPI function not implemented: __itt_mark_off
54594 : 0x2eddd32e811d00 : 2 : ittapi_config_apply_per_lib :  ITTAPI function not implemented: __itt_mark_global
54594 : 0x2eddd32e81235c : 2 : ittapi_config_apply_per_lib :  ITTAPI function not implemented: __itt_mark_global_off
54594 : 0x2eddd32e812942 : 2 : ittapi_config_apply_per_lib :  ITTAPI function instrumented: __itt_stack_caller_create
54594 : 0x2eddd32e812e68 : 2 : ittapi_config_apply_per_lib :  ITTAPI function instrumented: __itt_stack_caller_destroy
54594 : 0x2eddd32e8132d9 : 2 : ittapi_config_apply_per_lib :  ITTAPI function instrumented: __itt_stack_callee_enter
54594 : 0x2eddd32e813720 : 2 : ittapi_config_apply_per_lib :  ITTAPI function instrumented: __itt_stack_callee_leave
54594 : 0x2eddd32e9a1bb4 : 2 : ittapi_config_apply_per_lib :  ITTAPI function not implemented: __itt_clock_domain_create
54594 : 0x2eddd32e9a2ec3 : 2 : ittapi_config_apply_per_lib :  ITTAPI function not implemented: __itt_clock_domain_reset
54594 : 0x2eddd32e9a35b8 : 2 : ittapi_config_apply_per_lib :  ITTAPI function not implemented: __itt_id_create_ex
54594 : 0x2eddd32e9a3caf : 2 : ittapi_config_apply_per_lib :  ITTAPI function not implemented: __itt_id_destroy_ex
54594 : 0x2eddd32e9a4053 : 2 : ittapi_config_apply_per_lib :  ITTAPI function NOT instrumented (not matched by --itt-config option): __itt_task_begin_ex

54594 : 0x2eddd32e9a447a : 2 : ittapi_config_apply_per_lib :  ITTAPI function NOT instrumented (not matched by --itt-config option): __itt_task_begin_fn_ex

54594 : 0x2eddd32e9a47b0 : 2 : ittapi_config_apply_per_lib :  ITTAPI function NOT instrumented (not matched by --itt-config option): __itt_task_end_ex

54594 : 0x2eddd32e9a4abd : 2 : ittapi_config_apply_per_lib :  ITTAPI function NOT instrumented (not matched by --itt-config option): __itt_task_begin_overlapped

54594 : 0x2eddd32e9a4de1 : 2 : ittapi_config_apply_per_lib :  ITTAPI function NOT instrumented (not matched by --itt-config option): __itt_task_begin_overlapped_ex

54594 : 0x2eddd32e9a50f3 : 2 : ittapi_config_apply_per_lib :  ITTAPI function NOT instrumented (not matched by --itt-config option): __itt_task_end_overlapped

54594 : 0x2eddd32eb525ee : 2 : ittapi_config_apply_per_lib :  ITTAPI function NOT instrumented (not matched by --itt-config option): __itt_task_end_overlapped_ex

54594 : 0x2eddd32eb54107 : 2 : ittapi_config_apply_per_lib :  ITTAPI function not implemented: __itt_marker_ex
54594 : 0x2eddd32eb549c9 : 2 : ittapi_config_apply_per_lib :  ITTAPI function not implemented: __itt_metadata_add_with_scope
54594 : 0x2eddd32eb55084 : 2 : ittapi_config_apply_per_lib :  ITTAPI function not implemented: __itt_metadata_str_add_with_scope
54594 : 0x2eddd32eb5575c : 2 : ittapi_config_apply_per_lib :  ITTAPI function not implemented: __itt_relation_add_to_current_ex
54594 : 0x2eddd32eb55db4 : 2 : ittapi_config_apply_per_lib :  ITTAPI function not implemented: __itt_relation_add_ex
54594 : 0x2eddd32eb5644d : 2 : ittapi_config_apply_per_lib :  ITTAPI function not implemented: __itt_track_group_create
54594 : 0x2eddd32eb56a3d : 2 : ittapi_config_apply_per_lib :  ITTAPI function not implemented: __itt_track_create
54594 : 0x2eddd32eb5702c : 2 : ittapi_config_apply_per_lib :  ITTAPI function not implemented: __itt_set_track
54594 : 0x2eddd32eb57574 : 2 : ittapi_config_apply_per_lib :  ITTAPI function instrumented: __itt_api_version
54594 : 0x2eddd32ed24264 : 2 : ittapi_config_apply_per_lib :  ITTAPI function not implemented: __itt_av_save